{"name": "Тест проверяет создание заказа. Позитивный сценарий", "status": "failed", "statusDetails": {"message": "AssertionError: Unexpected status code! Expected: 201. Actual: 500", "trace": "self = <tests.test_order_creation.TestOrderCreation object at 0x000002795C4D1B50>\norder = {'address': 'twqcdmiywj 4', 'comment': 'lukdudvfechkuuhnntfv', 'deliveryDate': '2024-03-27', 'firstName': 'vvvlnlondvkbbk', ...}, color = 'BLACK'\n\n    @pytest.mark.parametrize(\"color\",\n                             [\n                                 \"BLACK\",\n                                 \"GREY\",\n                                 (\"BLACK\", \"GREY\"),\n                                 None\n                              ]\n                             )\n    @allure.title(\"Тест проверяет создание заказа. Позитивный сценарий\")\n    @allure.description(\"Тест проверяет, что можно создать заказ с разными цветами\")\n    def test_order_creation_success(self, order, color):\n        data = {\n            \"firstName\": order.get('first_name'),\n            \"lastName\": order.get('last_name'),\n            \"address\": order.get('address'),\n            \"metroStation\": order.get('metro_station'),\n            \"phone\": order.get('phone'),\n            \"rentTime\": order.get('rent_time'),\n            \"deliveryDate\": order.get('delivery_date'),\n            \"comment\": order.get('comment'),\n            \"color\": color\n        }\n    \n        response = requests.post(ApiUrl.CREATE_ORDER_API_URL, data=data)\n    \n>       Assertions.assert_code_status(response, 201)\n\ntests\\test_order_creation.py:36: \n_ _ _ _ _ _ _ _ _ _ _ _ _ _ _ _ _ _ _ _ _ _ _ _ _ _ _ _ _ _ _ _ _ _ _ _ _ _ _ _ _ _ _ _ _ _ _ _ _ _ _ _ _ _ _ _ _ _ _ _ _ _ _ _ _ _ _ _ _ _ _ _ _ _ _ _ _ _ _ _ _ _ _ _ _ _ _ _ _ _\n\nresponse = <Response [500]>, expected_status_code = 201\n\n    @staticmethod\n    @allure.step('Проверка статус-кода ответа')\n    def assert_code_status(response: Response, expected_status_code):\n>       assert response.status_code == expected_status_code, \\\n            f\"Unexpected status code! Expected: {expected_status_code}. Actual: {response.status_code}\"\nE       AssertionError: Unexpected status code! Expected: 201. Actual: 500\n\nhelpful_classes\\assertions.py:31: AssertionError"}, "description": "Тест проверяет, что можно создать заказ с разными цветами", "steps": [{"name": "Проверка статус-кода ответа", "status": "failed", "statusDetails": {"message": "AssertionError: Unexpected status code! Expected: 201. Actual: 500\n", "trace": "  File \"C:\\trainings\\yandex_praktikum_git\\Sprint_7\\.venv\\Lib\\site-packages\\allure_commons\\_allure.py\", line 192, in impl\n    return func(*a, **kw)\n           ^^^^^^^^^^^^^^\n  File \"C:\\trainings\\yandex_praktikum_git\\Sprint_7\\helpful_classes\\assertions.py\", line 31, in assert_code_status\n    assert response.status_code == expected_status_code, \\\n"}, "parameters": [{"name": "response", "value": "<Response [500]>"}, {"name": "expected_status_code", "value": "201"}], "start": 1710870595711, "stop": 1710870595711}], "parameters": [{"name": "color", "value": "'BLACK'"}], "start": 1710870595172, "stop": 1710870595714, "uuid": "fbc9a5e5-1962-41d9-9eed-c9faf73d78b3", "historyId": "12a76b19742586ac3bfa8c4c3ee06f02", "testCaseId": "d5c9fef469675b1e7cbebc93fc01ef30", "fullName": "tests.test_order_creation.TestOrderCreation#test_order_creation_success", "labels": [{"name": "parentSuite", "value": "tests"}, {"name": "suite", "value": "test_order_creation"}, {"name": "subSuite", "value": "TestOrderCreation"}, {"name": "host", "value": "LAPTOP-IE2IJGHD"}, {"name": "thread", "value": "4124-MainThread"}, {"name": "framework", "value": "pytest"}, {"name": "language", "value": "cpython3"}, {"name": "package", "value": "tests.test_order_creation"}]}