{"name": "Тест на проверку заполнения обязательных полей при создании курьера", "status": "failed", "statusDetails": {"message": "AssertionError: Unexpected status code! Expected: 400. Actual: 201", "trace": "self = <tests.test_courier_creation.TestCourierCreation object at 0x000002795B30CA40>, login = 'kouwogvprsmdtqs', password = 'szaxsjohlzbqidr', first_name = None\n\n    @pytest.mark.parametrize(\"login, password, first_name\",\n                             [\n                                 (\n                                      Helper.generate_courier_data().get('login'),\n                                      None,\n                                      Helper.generate_courier_data().get('first_name')\n                                 ),\n                                 (\n                                      None,\n                                      Helper.generate_courier_data().get('password'),\n                                      Helper.generate_courier_data().get('first_name')\n                                 ),\n                                 (\n                                     Helper.generate_courier_data().get('login'),\n                                     Helper.generate_courier_data().get('password'),\n                                     None\n                                 )\n                              ]\n                             )\n    @allure.title('Тест на проверку заполнения обязательных полей при создании курьера')\n    @allure.description('Тест проверяет, что если хотя бы одно из полей не заполнено при создании, '\n                        'то курьер не создается')\n    def test_create_courier_not_all_mandatory_fields_filled(self, login, password, first_name):\n        payload = {'login': login, 'password': password, 'first_name': first_name}\n        response = requests.post(ApiUrl.CREATE_COURIER_API_URL, data=payload)\n>       Assertions.assert_code_status(response, 400)\n\ntests\\test_courier_creation.py:73: \n_ _ _ _ _ _ _ _ _ _ _ _ _ _ _ _ _ _ _ _ _ _ _ _ _ _ _ _ _ _ _ _ _ _ _ _ _ _ _ _ _ _ _ _ _ _ _ _ _ _ _ _ _ _ _ _ _ _ _ _ _ _ _ _ _ _ _ _ _ _ _ _ _ _ _ _ _ _ _ _ _ _ _ _ _ _ _ _ _ _\n\nresponse = <Response [201]>, expected_status_code = 400\n\n    @staticmethod\n    @allure.step('Проверка статус-кода ответа')\n    def assert_code_status(response: Response, expected_status_code):\n>       assert response.status_code == expected_status_code, \\\n            f\"Unexpected status code! Expected: {expected_status_code}. Actual: {response.status_code}\"\nE       AssertionError: Unexpected status code! Expected: 400. Actual: 201\n\nhelpful_classes\\assertions.py:31: AssertionError"}, "description": "Тест проверяет, что если хотя бы одно из полей не заполнено при создании, то курьер не создается", "steps": [{"name": "Проверка статус-кода ответа", "status": "failed", "statusDetails": {"message": "AssertionError: Unexpected status code! Expected: 400. Actual: 201\n", "trace": "  File \"C:\\trainings\\yandex_praktikum_git\\Sprint_7\\.venv\\Lib\\site-packages\\allure_commons\\_allure.py\", line 192, in impl\n    return func(*a, **kw)\n           ^^^^^^^^^^^^^^\n  File \"C:\\trainings\\yandex_praktikum_git\\Sprint_7\\helpful_classes\\assertions.py\", line 31, in assert_code_status\n    assert response.status_code == expected_status_code, \\\n"}, "parameters": [{"name": "response", "value": "<Response [201]>"}, {"name": "expected_status_code", "value": "400"}], "start": 1710870530137, "stop": 1710870530137}], "parameters": [{"name": "login", "value": "'kouwogvprsmdtqs'"}, {"name": "password", "value": "'szaxsjohlzbqidr'"}, {"name": "first_name", "value": "None"}], "start": 1710870529686, "stop": 1710870530138, "uuid": "c2cc0b0f-835c-4619-ae64-80885decce83", "historyId": "f014ef635b73049f807bd6db987aed43", "testCaseId": "eddbd511e492ebba0783ccd97d301c0e", "fullName": "tests.test_courier_creation.TestCourierCreation#test_create_courier_not_all_mandatory_fields_filled", "labels": [{"name": "epic", "value": "Создание курьера"}, {"name": "parentSuite", "value": "tests"}, {"name": "suite", "value": "test_courier_creation"}, {"name": "subSuite", "value": "TestCourierCreation"}, {"name": "host", "value": "LAPTOP-IE2IJGHD"}, {"name": "thread", "value": "4124-MainThread"}, {"name": "framework", "value": "pytest"}, {"name": "language", "value": "cpython3"}, {"name": "package", "value": "tests.test_courier_creation"}]}